<?xml version="1.0" encoding="UTF-8"?>
<!-- Generated by org.testng.reporters.JUnitReportReporter -->
<testsuite hostname="Hellos-MacBook-Air.local" failures="0" tests="1" name="IntegrationalTest" time="5.508" errors="0" timestamp="2023-03-22T17:29:14 EDT" skipped="0">
  <testcase classname="IntegrationalTest" name="KoelTest" time="5.508"/>
  <system-out/>
</testsuite> <!-- IntegrationalTest -->
