<?xml version="1.0" encoding="UTF-8"?>
<!-- Generated by org.testng.reporters.JUnitReportReporter -->
<testsuite hostname="Hellos-MacBook-Air.local" failures="0" tests="1" name="ApiTest" time="0.639" errors="0" timestamp="2023-03-20T20:15:50 EDT" skipped="0">
  <testcase classname="ApiTest" name="getRequest" time="0.639"/>
  <system-out/>
</testsuite> <!-- ApiTest -->
